This is pdfTeX, Version 3.141592653-2.6-1.40.22 (TeX Live 2021/W32TeX) (preloaded format=pdflatex 2021.11.25)  25 FEB 2022 20:21
entering extended mode
 restricted \write18 enabled.
 file:line:error style messages enabled.
 %&-line parsing enabled.
**manuscript_TIFS
(./Manuscript_TIFS.tex
LaTeX2e <2020-10-01> patch level 4
L3 programming layer <2021-02-18> (c:/Softwares/texlive/2021/texmf-dist/tex/latex/IEEEtran/IEEEtran.cls
Document Class: IEEEtran 2015/08/26 V1.8b by Michael Shell
-- See the "IEEEtran_HOWTO" manual for usage information.
-- http://www.michaelshell.org/tex/ieeetran/
\@IEEEtrantmpdimenA=\dimen138
\@IEEEtrantmpdimenB=\dimen139
\@IEEEtrantmpdimenC=\dimen140
\@IEEEtrantmpcountA=\count179
\@IEEEtrantmpcountB=\count180
\@IEEEtrantmpcountC=\count181
\@IEEEtrantmptoksA=\toks15
LaTeX Font Info:    Trying to load font information for OT1+ptm on input line 503.
(c:/Softwares/texlive/2021/texmf-dist/tex/latex/psnfss/ot1ptm.fd
File: ot1ptm.fd 2001/06/04 font definitions for OT1/ptm.
)
-- Using 8.5in x 11in (letter) paper.
-- Using PDF output.
\@IEEEnormalsizeunitybaselineskip=\dimen141
-- This is a 10 point document.
\CLASSINFOnormalsizebaselineskip=\dimen142
\CLASSINFOnormalsizeunitybaselineskip=\dimen143
\IEEEnormaljot=\dimen144
LaTeX Font Info:    Font shape `OT1/ptm/bx/n' in size <5> not available
(Font)              Font shape `OT1/ptm/b/n' tried instead on input line 1090.
LaTeX Font Info:    Font shape `OT1/ptm/bx/it' in size <5> not available
(Font)              Font shape `OT1/ptm/b/it' tried instead on input line 1090.
LaTeX Font Info:    Font shape `OT1/ptm/bx/n' in size <7> not available
(Font)              Font shape `OT1/ptm/b/n' tried instead on input line 1090.
LaTeX Font Info:    Font shape `OT1/ptm/bx/it' in size <7> not available
(Font)              Font shape `OT1/ptm/b/it' tried instead on input line 1090.
LaTeX Font Info:    Font shape `OT1/ptm/bx/n' in size <8> not available
(Font)              Font shape `OT1/ptm/b/n' tried instead on input line 1090.
LaTeX Font Info:    Font shape `OT1/ptm/bx/it' in size <8> not available
(Font)              Font shape `OT1/ptm/b/it' tried instead on input line 1090.
LaTeX Font Info:    Font shape `OT1/ptm/bx/n' in size <9> not available
(Font)              Font shape `OT1/ptm/b/n' tried instead on input line 1090.
LaTeX Font Info:    Font shape `OT1/ptm/bx/it' in size <9> not available
(Font)              Font shape `OT1/ptm/b/it' tried instead on input line 1090.
LaTeX Font Info:    Font shape `OT1/ptm/bx/n' in size <10> not available
(Font)              Font shape `OT1/ptm/b/n' tried instead on input line 1090.
LaTeX Font Info:    Font shape `OT1/ptm/bx/it' in size <10> not available
(Font)              Font shape `OT1/ptm/b/it' tried instead on input line 1090.
LaTeX Font Info:    Font shape `OT1/ptm/bx/n' in size <11> not available
(Font)              Font shape `OT1/ptm/b/n' tried instead on input line 1090.
LaTeX Font Info:    Font shape `OT1/ptm/bx/it' in size <11> not available
(Font)              Font shape `OT1/ptm/b/it' tried instead on input line 1090.
LaTeX Font Info:    Font shape `OT1/ptm/bx/n' in size <12> not available
(Font)              Font shape `OT1/ptm/b/n' tried instead on input line 1090.
LaTeX Font Info:    Font shape `OT1/ptm/bx/it' in size <12> not available
(Font)              Font shape `OT1/ptm/b/it' tried instead on input line 1090.
LaTeX Font Info:    Font shape `OT1/ptm/bx/n' in size <17> not available
(Font)              Font shape `OT1/ptm/b/n' tried instead on input line 1090.
LaTeX Font Info:    Font shape `OT1/ptm/bx/it' in size <17> not available
(Font)              Font shape `OT1/ptm/b/it' tried instead on input line 1090.
LaTeX Font Info:    Font shape `OT1/ptm/bx/n' in size <20> not available
(Font)              Font shape `OT1/ptm/b/n' tried instead on input line 1090.
LaTeX Font Info:    Font shape `OT1/ptm/bx/it' in size <20> not available
(Font)              Font shape `OT1/ptm/b/it' tried instead on input line 1090.
LaTeX Font Info:    Font shape `OT1/ptm/bx/n' in size <24> not available
(Font)              Font shape `OT1/ptm/b/n' tried instead on input line 1090.
LaTeX Font Info:    Font shape `OT1/ptm/bx/it' in size <24> not available
(Font)              Font shape `OT1/ptm/b/it' tried instead on input line 1090.
\IEEEquantizedlength=\dimen145
\IEEEquantizedlengthdiff=\dimen146
\IEEEquantizedtextheightdiff=\dimen147
\IEEEilabelindentA=\dimen148
\IEEEilabelindentB=\dimen149
\IEEEilabelindent=\dimen150
\IEEEelabelindent=\dimen151
\IEEEdlabelindent=\dimen152
\IEEElabelindent=\dimen153
\IEEEiednormlabelsep=\dimen154
\IEEEiedmathlabelsep=\dimen155
\IEEEiedtopsep=\skip47
\c@section=\count182
\c@subsection=\count183
\c@subsubsection=\count184
\c@paragraph=\count185
\c@IEEEsubequation=\count186
\abovecaptionskip=\skip48
\belowcaptionskip=\skip49
\c@figure=\count187
\c@table=\count188
\@IEEEeqnnumcols=\count189
\@IEEEeqncolcnt=\count190
\@IEEEsubeqnnumrollback=\count191
\@IEEEquantizeheightA=\dimen156
\@IEEEquantizeheightB=\dimen157
\@IEEEquantizeheightC=\dimen158
\@IEEEquantizeprevdepth=\dimen159
\@IEEEquantizemultiple=\count192
\@IEEEquantizeboxA=\box47
\@IEEEtmpitemindent=\dimen160
\IEEEPARstartletwidth=\dimen161
\c@IEEEbiography=\count193
\@IEEEtranrubishbin=\box48
) (c:/Softwares/texlive/2021/texmf-dist/tex/latex/amsmath/amsmath.sty
Package: amsmath 2020/09/23 v2.17i AMS math features
\@mathmargin=\skip50

For additional information on amsmath, use the `?' option.
(c:/Softwares/texlive/2021/texmf-dist/tex/latex/amsmath/amstext.sty
Package: amstext 2000/06/29 v2.01 AMS text
 (c:/Softwares/texlive/2021/texmf-dist/tex/latex/amsmath/amsgen.sty
File: amsgen.sty 1999/11/30 v2.0 generic functions
\@emptytoks=\toks16
\ex@=\dimen162
)) (c:/Softwares/texlive/2021/texmf-dist/tex/latex/amsmath/amsbsy.sty
Package: amsbsy 1999/11/29 v1.2d Bold Symbols
\pmbraise@=\dimen163
) (c:/Softwares/texlive/2021/texmf-dist/tex/latex/amsmath/amsopn.sty
Package: amsopn 2016/03/08 v2.02 operator names
)
\inf@bad=\count194
LaTeX Info: Redefining \frac on input line 234.
\uproot@=\count195
\leftroot@=\count196
LaTeX Info: Redefining \overline on input line 399.
\classnum@=\count197
\DOTSCASE@=\count198
LaTeX Info: Redefining \ldots on input line 496.
LaTeX Info: Redefining \dots on input line 499.
LaTeX Info: Redefining \cdots on input line 620.
\Mathstrutbox@=\box49
\strutbox@=\box50
\big@size=\dimen164
LaTeX Font Info:    Redeclaring font encoding OML on input line 743.
LaTeX Font Info:    Redeclaring font encoding OMS on input line 744.
\macc@depth=\count199
\c@MaxMatrixCols=\count266
\dotsspace@=\muskip16
\c@parentequation=\count267
\dspbrk@lvl=\count268
\tag@help=\toks17
\row@=\count269
\column@=\count270
\maxfields@=\count271
\andhelp@=\toks18
\eqnshift@=\dimen165
\alignsep@=\dimen166
\tagshift@=\dimen167
\tagwidth@=\dimen168
\totwidth@=\dimen169
\lineht@=\dimen170
\@envbody=\toks19
\multlinegap=\skip51
\multlinetaggap=\skip52
\mathdisplay@stack=\toks20
LaTeX Info: Redefining \[ on input line 2923.
LaTeX Info: Redefining \] on input line 2924.
) (c:/Softwares/texlive/2021/texmf-dist/tex/latex/amsfonts/amsfonts.sty
Package: amsfonts 2013/01/14 v3.01 Basic AMSFonts support
\symAMSa=\mathgroup4
\symAMSb=\mathgroup5
LaTeX Font Info:    Redeclaring math symbol \hbar on input line 98.
LaTeX Font Info:    Overwriting math alphabet `\mathfrak' in version `bold'
(Font)                  U/euf/m/n --> U/euf/b/n on input line 106.
) (c:/Softwares/texlive/2021/texmf-dist/tex/latex/algorithms/algorithm.sty
Package: algorithm 2009/08/24 v0.1 Document Style `algorithm' - floating environment
 (c:/Softwares/texlive/2021/texmf-dist/tex/latex/float/float.sty
Package: float 2001/11/08 v1.3d Float enhancements (AL)
\c@float@type=\count272
\float@exts=\toks21
\float@box=\box51
\@float@everytoks=\toks22
\@floatcapt=\box52
) (c:/Softwares/texlive/2021/texmf-dist/tex/latex/base/ifthen.sty
Package: ifthen 2014/09/29 v1.1c Standard LaTeX ifthen package (DPC)
)
\@float@every@algorithm=\toks23
\c@algorithm=\count273
) (c:/Softwares/texlive/2021/texmf-dist/tex/latex/tools/array.sty
Package: array 2020/10/01 v2.5c Tabular extension package (FMi)
\col@sep=\dimen171
\ar@mcellbox=\box53
\extrarowheight=\dimen172
\NC@list=\toks24
\extratabsurround=\skip53
\backup@length=\skip54
\ar@cellbox=\box54
) (c:/Softwares/texlive/2021/texmf-dist/tex/latex/subfig/subfig.sty
Package: subfig 2005/06/28 ver: 1.3 subfig package
 (c:/Softwares/texlive/2021/texmf-dist/tex/latex/graphics/keyval.sty
Package: keyval 2014/10/28 v1.15 key=value parser (DPC)
\KV@toks@=\toks25
) (c:/Softwares/texlive/2021/texmf-dist/tex/latex/caption/caption3.sty
Package: caption3 2020/10/21 v2.2e caption3 kernel (AR)
\captionmargin=\dimen173
\captionmargin@=\dimen174
\captionwidth=\dimen175
\caption@tempdima=\dimen176
\caption@indent=\dimen177
\caption@parindent=\dimen178
\caption@hangindent=\dimen179
Package caption Info: Unknown document class (or package),
(caption)             standard defaults will be used.
Package caption Info: \@makecaption = \long macro:#1#2->\ifx \@captype \@IEEEtablestring \footnotesize \bgroup \par \centering \@IEEEtabletopskipstrut {\normalfont \footnotesize #1}\\{\normalfont \footnotesize \scshape #2}\par \addvspace {0.5\baselineskip }\egroup \@IEEEtablecaptionsepspace \else \@IEEEfigurecaptionsepspace \setbox \@tempboxa \hbox {\normalfont \footnotesize {#1.}\nobreakspace \nobreakspace #2}\ifdim \wd \@tempboxa >\hsize \setbox \@tempboxa \hbox {\normalfont \footnotesize {#1.}\nobreakspace \nobreakspace }\parbox [t]{\hsize }{\normalfont \footnotesize \noindent \unhbox \@tempboxa #2}\else \ifCLASSOPTIONconference \hbox to\hsize {\normalfont \footnotesize \hfil \box \@tempboxa \hfil }\else \hbox to\hsize {\normalfont \footnotesize \box \@tempboxa \hfil }\fi \fi \fi  on input line 1139.
)
\c@KVtest=\count274
\sf@farskip=\skip55
\sf@captopadj=\dimen180
\sf@capskip=\skip56
\sf@nearskip=\skip57
\c@subfigure=\count275
\c@subfigure@save=\count276
\c@lofdepth=\count277
\c@subtable=\count278
\c@subtable@save=\count279
\c@lotdepth=\count280
\sf@top=\skip58
\sf@bottom=\skip59
) (c:/Softwares/texlive/2021/texmf-dist/tex/latex/base/textcomp.sty
Package: textcomp 2020/02/02 v2.0n Standard LaTeX package
) (c:/Softwares/texlive/2021/texmf-dist/tex/latex/sttools/stfloats.sty
Package: stfloats 2017/03/27 v3.3 Improve float mechanism and baselineskip settings
\@dblbotnum=\count281
\c@dblbotnumber=\count282
) (c:/Softwares/texlive/2021/texmf-dist/tex/latex/url/url.sty
\Urlmuskip=\muskip17
Package: url 2013/09/16  ver 3.4  Verb mode for urls, etc.
) (c:/Softwares/texlive/2021/texmf-dist/tex/latex/tools/verbatim.sty
Package: verbatim 2020-07-07 v1.5u LaTeX2e package for verbatim enhancements
\every@verbatim=\toks26
\verbatim@line=\toks27
\verbatim@in@stream=\read2
) (c:/Softwares/texlive/2021/texmf-dist/tex/latex/graphics/graphicx.sty
Package: graphicx 2020/09/09 v1.2b Enhanced LaTeX Graphics (DPC,SPQR)
 (c:/Softwares/texlive/2021/texmf-dist/tex/latex/graphics/graphics.sty
Package: graphics 2020/08/30 v1.4c Standard LaTeX Graphics (DPC,SPQR)
 (c:/Softwares/texlive/2021/texmf-dist/tex/latex/graphics/trig.sty
Package: trig 2016/01/03 v1.10 sin cos tan (DPC)
) (c:/Softwares/texlive/2021/texmf-dist/tex/latex/graphics-cfg/graphics.cfg
File: graphics.cfg 2016/06/04 v1.11 sample graphics configuration
)
Package graphics Info: Driver file: pdftex.def on input line 105.
 (c:/Softwares/texlive/2021/texmf-dist/tex/latex/graphics-def/pdftex.def
File: pdftex.def 2020/10/05 v1.2a Graphics/color driver for pdftex
))
\Gin@req@height=\dimen181
\Gin@req@width=\dimen182
) (c:/Softwares/texlive/2021/texmf-dist/tex/latex/cite/cite.sty
LaTeX Info: Redefining \cite on input line 302.
LaTeX Info: Redefining \nocite on input line 332.
Package: cite 2015/02/27  v 5.5
) (c:/Softwares/texlive/2021/texmf-dist/tex/latex/multirow/multirow.sty
Package: multirow 2021/03/15 v2.8 Span multiple rows of a table
\multirow@colwidth=\skip60
\multirow@cntb=\count283
\multirow@dima=\skip61
\bigstrutjot=\dimen183
) (c:/Softwares/texlive/2021/texmf-dist/tex/latex/preprint/authblk.sty
Package: authblk 2001/02/27 1.3 (PWD)
\affilsep=\skip62
\@affilsep=\skip63
\c@Maxaffil=\count284
\c@authors=\count285
\c@affil=\count286
) (c:/Softwares/texlive/2021/texmf-dist/tex/latex/booktabs/booktabs.sty
Package: booktabs 2020/01/12 v1.61803398 Publication quality tables
\heavyrulewidth=\dimen184
\lightrulewidth=\dimen185
\cmidrulewidth=\dimen186
\belowrulesep=\dimen187
\belowbottomsep=\dimen188
\aboverulesep=\dimen189
\abovetopsep=\dimen190
\cmidrulesep=\dimen191
\cmidrulekern=\dimen192
\defaultaddspace=\dimen193
\@cmidla=\count287
\@cmidlb=\count288
\@aboverulesep=\dimen194
\@belowrulesep=\dimen195
\@thisruleclass=\count289
\@lastruleclass=\count290
\@thisrulewidth=\dimen196
) (c:/Softwares/texlive/2021/texmf-dist/tex/latex/algorithmicx/algorithmicx.sty
Package: algorithmicx 2005/04/27 v1.2 Algorithmicx

Document Style algorithmicx 1.2 - a greatly improved `algorithmic' style
\c@ALG@line=\count291
\c@ALG@rem=\count292
\c@ALG@nested=\count293
\ALG@tlm=\skip64
\ALG@thistlm=\skip65
\c@ALG@Lnr=\count294
\c@ALG@blocknr=\count295
\c@ALG@storecount=\count296
\c@ALG@tmpcounter=\count297
\ALG@tmplength=\skip66
) (c:/Softwares/texlive/2021/texmf-dist/tex/latex/algorithmicx/algpseudocode.sty
Package: algpseudocode 

Document Style - pseudocode environments for use with the `algorithmicx' style
) (c:/Softwares/texlive/2021/texmf-dist/tex/generic/soul/soul.sty
Package: soul 2003/11/17 v2.4 letterspacing/underlining (mf)
\SOUL@word=\toks28
\SOUL@lasttoken=\toks29
\SOUL@cmds=\toks30
\SOUL@buffer=\toks31
\SOUL@token=\toks32
\SOUL@spaceskip=\skip67
\SOUL@ttwidth=\dimen197
\SOUL@uldp=\dimen198
\SOUL@ulht=\dimen199
) (c:/Softwares/texlive/2021/texmf-dist/tex/latex/l3backend/l3backend-pdftex.def
File: l3backend-pdftex.def 2021-03-18 L3 backend support: PDF output (pdfTeX)
\l__color_backend_stack_int=\count298
\l__pdf_internal_box=\box55
) (./Manuscript_TIFS.aux)
\openout1 = `Manuscript_TIFS.aux'.

LaTeX Font Info:    Checking defaults for OML/cmm/m/it on input line 23.
LaTeX Font Info:    ... okay on input line 23.
LaTeX Font Info:    Checking defaults for OMS/cmsy/m/n on input line 23.
LaTeX Font Info:    ... okay on input line 23.
LaTeX Font Info:    Checking defaults for OT1/cmr/m/n on input line 23.
LaTeX Font Info:    ... okay on input line 23.
LaTeX Font Info:    Checking defaults for T1/cmr/m/n on input line 23.
LaTeX Font Info:    ... okay on input line 23.
LaTeX Font Info:    Checking defaults for TS1/cmr/m/n on input line 23.
LaTeX Font Info:    ... okay on input line 23.
LaTeX Font Info:    Checking defaults for OMX/cmex/m/n on input line 23.
LaTeX Font Info:    ... okay on input line 23.
LaTeX Font Info:    Checking defaults for U/cmr/m/n on input line 23.
LaTeX Font Info:    ... okay on input line 23.

-- Lines per column: 58 (exact).
Package caption Info: Begin \AtBeginDocument code.
Package caption Info: subfig package v1.3 is loaded.
Package caption Info: End \AtBeginDocument code.
(c:/Softwares/texlive/2021/texmf-dist/tex/context/base/mkii/supp-pdf.mkii
[Loading MPS to PDF converter (version 2006.09.02).]
\scratchcounter=\count299
\scratchdimen=\dimen256
\scratchbox=\box56
\nofMPsegments=\count300
\nofMParguments=\count301
\everyMPshowfont=\toks33
\MPscratchCnt=\count302
\MPscratchDim=\dimen257
\MPnumerator=\count303
\makeMPintoPDFobject=\count304
\everyMPtoPDFconversion=\toks34
) (c:/Softwares/texlive/2021/texmf-dist/tex/latex/epstopdf-pkg/epstopdf-base.sty
Package: epstopdf-base 2020-01-24 v2.11 Base part for package epstopdf
Package epstopdf-base Info: Redefining graphics rule for `.eps' on input line 485.
 (c:/Softwares/texlive/2021/texmf-dist/tex/latex/latexconfig/epstopdf-sys.cfg
File: epstopdf-sys.cfg 2010/07/13 v1.3 Configuration of (r)epstopdf for TeX Live
))
Underfull \hbox (badness 2073) in paragraph at lines 48--50
[]\OT1/ptm/b/it/9 Abstract\OT1/ptm/b/n/9 ---Emerging as a promis-ing dis-tributed learn-ing
 []

LaTeX Font Info:    Trying to load font information for U+msa on input line 89.
(c:/Softwares/texlive/2021/texmf-dist/tex/latex/amsfonts/umsa.fd
File: umsa.fd 2013/01/14 v3.01 AMS symbols A
)
LaTeX Font Info:    Trying to load font information for U+msb on input line 89.
 (c:/Softwares/texlive/2021/texmf-dist/tex/latex/amsfonts/umsb.fd
File: umsb.fd 2013/01/14 v3.01 AMS symbols B
)
Overfull \hbox (6.02303pt too wide) in paragraph at lines 58--90
[][] 
 []

[1{c:/Softwares/texlive/2021/texmf-var/fonts/map/pdftex/updmap/pdftex.map}


] [2]

pdfTeX warning: pdflatex.exe (file ./figures/Figure_System.pdf): PDF inclusion: found PDF version <1.7>, but at most version <1.5> allowed
<figures/Figure_System.pdf, id=19, 292.84406pt x 167.87718pt>
File: figures/Figure_System.pdf Graphic file (type pdf)
<use figures/Figure_System.pdf>
Package pdftex.def Info: figures/Figure_System.pdf  used on input line 136.
(pdftex.def)             Requested size: 258.0pt x 147.91681pt.

Overfull \hbox (6.0pt too wide) in paragraph at lines 136--137
 [][] 
 []

[3 <./figures/Figure_System.pdf>]

pdfTeX warning: pdflatex.exe (file ./figures/Figure_FLPhish.pdf): PDF inclusion: found PDF version <1.7>, but at most version <1.5> allowed
<figures/Figure_FLPhish.pdf, id=49, 637.86205pt x 296.60812pt>
File: figures/Figure_FLPhish.pdf Graphic file (type pdf)
<use figures/Figure_FLPhish.pdf>
Package pdftex.def Info: figures/Figure_FLPhish.pdf  used on input line 161.
(pdftex.def)             Requested size: 490.19843pt x 227.94994pt.
[4] [5 <./figures/Figure_FLPhish.pdf>] [6]

pdfTeX warning: pdflatex.exe (file ./figures/Figure_backdoor.pdf): PDF inclusion: found PDF version <1.7>, but at most version <1.5> allowed
<figures/Figure_backdoor.pdf, id=103, 296.6292pt x 265.07834pt>
File: figures/Figure_backdoor.pdf Graphic file (type pdf)
<use figures/Figure_backdoor.pdf>
Package pdftex.def Info: figures/Figure_backdoor.pdf  used on input line 373.
(pdftex.def)             Requested size: 258.0pt x 230.55966pt.

Overfull \hbox (6.0pt too wide) in paragraph at lines 373--374
 [][] 
 []

[7 <./figures/Figure_backdoor.pdf>]
Overfull \hbox (6.02312pt too wide) in paragraph at lines 419--439
 [][] 
 []


Underfull \hbox (badness 2626) in paragraph at lines 444--445
[]\OT1/ptm/m/n/10 In this sec-tion, we ex-per-i-men-tally eval-u-ate our FL-
 []


Overfull \hbox (6.0245pt too wide) in paragraph at lines 452--465
 [][] 
 []

<figures/rep_mnist_imbalance_1.pdf, id=137, 403.59848pt x 278.3957pt>
File: figures/rep_mnist_imbalance_1.pdf Graphic file (type pdf)
<use figures/rep_mnist_imbalance_1.pdf>
Package pdftex.def Info: figures/rep_mnist_imbalance_1.pdf  used on input line 471.
(pdftex.def)             Requested size: 126.41748pt x 87.19809pt.
LaTeX Font Info:    Trying to load font information for OT1+phv on input line 471.
(c:/Softwares/texlive/2021/texmf-dist/tex/latex/psnfss/ot1phv.fd
File: ot1phv.fd 2020/03/25 scalable font definitions for OT1/phv.
)
<figures/rep_mnist_imbalance_2.pdf, id=138, 403.59848pt x 278.3957pt>
File: figures/rep_mnist_imbalance_2.pdf Graphic file (type pdf)
<use figures/rep_mnist_imbalance_2.pdf>
Package pdftex.def Info: figures/rep_mnist_imbalance_2.pdf  used on input line 472.
(pdftex.def)             Requested size: 126.41748pt x 87.19809pt.
<figures/rep_mnist_imbalance_5.pdf, id=139, 403.59848pt x 278.3957pt>
File: figures/rep_mnist_imbalance_5.pdf Graphic file (type pdf)
<use figures/rep_mnist_imbalance_5.pdf>
Package pdftex.def Info: figures/rep_mnist_imbalance_5.pdf  used on input line 473.
(pdftex.def)             Requested size: 126.41748pt x 87.19809pt.
<figures/rep_mnist_imbalance_9.pdf, id=140, 403.59848pt x 278.3957pt>
File: figures/rep_mnist_imbalance_9.pdf Graphic file (type pdf)
<use figures/rep_mnist_imbalance_9.pdf>
Package pdftex.def Info: figures/rep_mnist_imbalance_9.pdf  used on input line 474.
(pdftex.def)             Requested size: 126.41748pt x 87.19809pt.
<figures/rep_fashion_imbalance_1.pdf, id=141, 403.59848pt x 278.3957pt>
File: figures/rep_fashion_imbalance_1.pdf Graphic file (type pdf)
<use figures/rep_fashion_imbalance_1.pdf>
Package pdftex.def Info: figures/rep_fashion_imbalance_1.pdf  used on input line 476.
(pdftex.def)             Requested size: 126.41748pt x 87.19809pt.
<figures/rep_fashion_imbalance_2.pdf, id=142, 403.59848pt x 278.3957pt>
File: figures/rep_fashion_imbalance_2.pdf Graphic file (type pdf)
<use figures/rep_fashion_imbalance_2.pdf>
Package pdftex.def Info: figures/rep_fashion_imbalance_2.pdf  used on input line 477.
(pdftex.def)             Requested size: 126.41748pt x 87.19809pt.
<figures/rep_fashion_imbalance_5.pdf, id=143, 403.59848pt x 278.3957pt>
File: figures/rep_fashion_imbalance_5.pdf Graphic file (type pdf)
<use figures/rep_fashion_imbalance_5.pdf>
Package pdftex.def Info: figures/rep_fashion_imbalance_5.pdf  used on input line 478.
(pdftex.def)             Requested size: 126.41748pt x 87.19809pt.
<figures/rep_fashion_imbalance_9.pdf, id=144, 403.59848pt x 278.3957pt>
File: figures/rep_fashion_imbalance_9.pdf Graphic file (type pdf)
<use figures/rep_fashion_imbalance_9.pdf>
Package pdftex.def Info: figures/rep_fashion_imbalance_9.pdf  used on input line 479.
(pdftex.def)             Requested size: 126.41748pt x 87.19809pt.
<figures/rep_cifar_imbalance_1.pdf, id=145, 403.59848pt x 278.3957pt>
File: figures/rep_cifar_imbalance_1.pdf Graphic file (type pdf)
<use figures/rep_cifar_imbalance_1.pdf>
Package pdftex.def Info: figures/rep_cifar_imbalance_1.pdf  used on input line 481.
(pdftex.def)             Requested size: 126.41748pt x 87.19809pt.
<figures/rep_cifar_imbalance_2.pdf, id=146, 403.59848pt x 278.3957pt>
File: figures/rep_cifar_imbalance_2.pdf Graphic file (type pdf)
<use figures/rep_cifar_imbalance_2.pdf>
Package pdftex.def Info: figures/rep_cifar_imbalance_2.pdf  used on input line 482.
(pdftex.def)             Requested size: 126.41748pt x 87.19809pt.
<figures/rep_cifar_imbalance_5.pdf, id=147, 403.59848pt x 278.3957pt>
File: figures/rep_cifar_imbalance_5.pdf Graphic file (type pdf)
<use figures/rep_cifar_imbalance_5.pdf>
Package pdftex.def Info: figures/rep_cifar_imbalance_5.pdf  used on input line 483.
(pdftex.def)             Requested size: 126.41748pt x 87.19809pt.
<figures/rep_cifar_imbalance_9.pdf, id=148, 403.59848pt x 278.3957pt>
File: figures/rep_cifar_imbalance_9.pdf Graphic file (type pdf)
<use figures/rep_cifar_imbalance_9.pdf>
Package pdftex.def Info: figures/rep_cifar_imbalance_9.pdf  used on input line 484.
(pdftex.def)             Requested size: 126.41748pt x 87.19809pt.
 [8]
<figures/bar_byzantines_random_bar.pdf, id=152, 795.27742pt x 411.492pt>
File: figures/bar_byzantines_random_bar.pdf Graphic file (type pdf)
<use figures/bar_byzantines_random_bar.pdf>
Package pdftex.def Info: figures/bar_byzantines_random_bar.pdf  used on input line 511.
(pdftex.def)             Requested size: 247.6778pt x 128.15141pt.
<figures/bar_byzantines_untargeted_bar.pdf, id=153, 795.27742pt x 411.492pt>
File: figures/bar_byzantines_untargeted_bar.pdf Graphic file (type pdf)
<use figures/bar_byzantines_untargeted_bar.pdf>
Package pdftex.def Info: figures/bar_byzantines_untargeted_bar.pdf  used on input line 512.
(pdftex.def)             Requested size: 247.6778pt x 128.15141pt.
<figures/bar_imbalances_random_bar.pdf, id=154, 795.27742pt x 411.492pt>
File: figures/bar_imbalances_random_bar.pdf Graphic file (type pdf)
<use figures/bar_imbalances_random_bar.pdf>
Package pdftex.def Info: figures/bar_imbalances_random_bar.pdf  used on input line 514.
(pdftex.def)             Requested size: 247.6778pt x 128.15141pt.
<figures/bar_imbalances_untargeted_bar.pdf, id=155, 795.27742pt x 411.492pt>
File: figures/bar_imbalances_untargeted_bar.pdf Graphic file (type pdf)
<use figures/bar_imbalances_untargeted_bar.pdf>
Package pdftex.def Info: figures/bar_imbalances_untargeted_bar.pdf  used on input line 515.
(pdftex.def)             Requested size: 247.6778pt x 128.15141pt.
<figures/table_random_imbalances_MNIST.pdf, id=156, 636.43399pt x 397.55307pt>
File: figures/table_random_imbalances_MNIST.pdf Graphic file (type pdf)
<use figures/table_random_imbalances_MNIST.pdf>
Package pdftex.def Info: figures/table_random_imbalances_MNIST.pdf  used on input line 524.
(pdftex.def)             Requested size: 167.69843pt x 104.7505pt.
<figures/table_random_imbalances_Fashion-MNIST.pdf, id=157, 636.43399pt x 397.55307pt>
File: figures/table_random_imbalances_Fashion-MNIST.pdf Graphic file (type pdf)
<use figures/table_random_imbalances_Fashion-MNIST.pdf>
Package pdftex.def Info: figures/table_random_imbalances_Fashion-MNIST.pdf  used on input line 525.
(pdftex.def)             Requested size: 167.69843pt x 104.7505pt.
<figures/table_random_imbalances_Cifar-10.pdf, id=158, 627.22772pt x 397.55307pt>
File: figures/table_random_imbalances_Cifar-10.pdf Graphic file (type pdf)
<use figures/table_random_imbalances_Cifar-10.pdf>
Package pdftex.def Info: figures/table_random_imbalances_Cifar-10.pdf  used on input line 526.
(pdftex.def)             Requested size: 167.69843pt x 106.2913pt.
<figures/table_random_byzantines_MNIST.pdf, id=159, 636.43399pt x 397.81969pt>
File: figures/table_random_byzantines_MNIST.pdf Graphic file (type pdf)
<use figures/table_random_byzantines_MNIST.pdf>
Package pdftex.def Info: figures/table_random_byzantines_MNIST.pdf  used on input line 534.
(pdftex.def)             Requested size: 167.69843pt x 104.82076pt.
<figures/table_random_byzantines_Fashion-MNIST.pdf, id=160, 636.43399pt x 397.81969pt>
File: figures/table_random_byzantines_Fashion-MNIST.pdf Graphic file (type pdf)
<use figures/table_random_byzantines_Fashion-MNIST.pdf>
Package pdftex.def Info: figures/table_random_byzantines_Fashion-MNIST.pdf  used on input line 535.
(pdftex.def)             Requested size: 167.69843pt x 104.82076pt.
<figures/table_random_byzantines_Cifar-10.pdf, id=161, 627.22772pt x 397.81969pt>
File: figures/table_random_byzantines_Cifar-10.pdf Graphic file (type pdf)
<use figures/table_random_byzantines_Cifar-10.pdf>
Package pdftex.def Info: figures/table_random_byzantines_Cifar-10.pdf  used on input line 536.
(pdftex.def)             Requested size: 167.69843pt x 106.3626pt.

Underfull \vbox (badness 2253) has occurred while \output is active []

 [9 <./figures/rep_mnist_imbalance_1.pdf> <./figures/rep_mnist_imbalance_2.pdf> <./figures/rep_mnist_imbalance_5.pdf> <./figures/rep_mnist_imbalance_9.pdf> <./figures/rep_fashion_imbalance_1.pdf> <./figures/rep_fashion_imbalance_2.pdf> <./figures/rep_fashion_imbalance_5.pdf> <./figures/rep_fashion_imbalance_9.pdf> <./figures/rep_cifar_imbalance_1.pdf> <./figures/rep_cifar_imbalance_2.pdf> <./figures/rep_cifar_imbalance_5.pdf> <./figures/rep_cifar_imbalance_9.pdf>] [10 <./figures/bar_byzantines_random_bar.pdf> <./figures/bar_byzantines_untargeted_bar.pdf

pdfTeX warning: pdflatex.exe (file ./figures/bar_byzantines_untargeted_bar.pdf): PDF inclusion: multiple pdfs with page group included in a single page
> <./figures/bar_imbalances_random_bar.pdf

pdfTeX warning: pdflatex.exe (file ./figures/bar_imbalances_random_bar.pdf): PDF inclusion: multiple pdfs with page group included in a single page
> <./figures/bar_imbalances_untargeted_bar.pdf

pdfTeX warning: pdflatex.exe (file ./figures/bar_imbalances_untargeted_bar.pdf): PDF inclusion: multiple pdfs with page group included in a single page
> <./figures/table_random_imbalances_MNIST.pdf

pdfTeX warning: pdflatex.exe (file ./figures/table_random_imbalances_MNIST.pdf): PDF inclusion: multiple pdfs with page group included in a single page
> <./figures/table_random_imbalances_Fashion-MNIST.pdf

pdfTeX warning: pdflatex.exe (file ./figures/table_random_imbalances_Fashion-MNIST.pdf): PDF inclusion: multiple pdfs with page group included in a single page
> <./figures/table_random_imbalances_Cifar-10.pdf

pdfTeX warning: pdflatex.exe (file ./figures/table_random_imbalances_Cifar-10.pdf): PDF inclusion: multiple pdfs with page group included in a single page
> <./figures/table_random_byzantines_MNIST.pdf

pdfTeX warning: pdflatex.exe (file ./figures/table_random_byzantines_MNIST.pdf): PDF inclusion: multiple pdfs with page group included in a single page
> <./figures/table_random_byzantines_Fashion-MNIST.pdf

pdfTeX warning: pdflatex.exe (file ./figures/table_random_byzantines_Fashion-MNIST.pdf): PDF inclusion: multiple pdfs with page group included in a single page
> <./figures/table_random_byzantines_Cifar-10.pdf

pdfTeX warning: pdflatex.exe (file ./figures/table_random_byzantines_Cifar-10.pdf): PDF inclusion: multiple pdfs with page group included in a single page
>]
<figures/table_untargeted_imbalances_MNIST.pdf, id=1094, 636.43399pt x 397.55307pt>
File: figures/table_untargeted_imbalances_MNIST.pdf Graphic file (type pdf)
<use figures/table_untargeted_imbalances_MNIST.pdf>
Package pdftex.def Info: figures/table_untargeted_imbalances_MNIST.pdf  used on input line 557.
(pdftex.def)             Requested size: 167.69843pt x 104.7505pt.
<figures/table_untargeted_imbalances_Fashion-MNIST.pdf, id=1095, 636.43399pt x 397.55307pt>
File: figures/table_untargeted_imbalances_Fashion-MNIST.pdf Graphic file (type pdf)
<use figures/table_untargeted_imbalances_Fashion-MNIST.pdf>
Package pdftex.def Info: figures/table_untargeted_imbalances_Fashion-MNIST.pdf  used on input line 558.
(pdftex.def)             Requested size: 167.69843pt x 104.7505pt.
<figures/table_untargeted_imbalances_Cifar-10.pdf, id=1096, 627.22772pt x 397.55307pt>
File: figures/table_untargeted_imbalances_Cifar-10.pdf Graphic file (type pdf)
<use figures/table_untargeted_imbalances_Cifar-10.pdf>
Package pdftex.def Info: figures/table_untargeted_imbalances_Cifar-10.pdf  used on input line 559.
(pdftex.def)             Requested size: 167.69843pt x 106.2913pt.
<figures/table_untargeted_byzantines_MNIST.pdf, id=1097, 636.43399pt x 397.81969pt>
File: figures/table_untargeted_byzantines_MNIST.pdf Graphic file (type pdf)
<use figures/table_untargeted_byzantines_MNIST.pdf>
Package pdftex.def Info: figures/table_untargeted_byzantines_MNIST.pdf  used on input line 567.
(pdftex.def)             Requested size: 167.69843pt x 104.82076pt.
<figures/table_untargeted_byzantines_Fashion-MNIST.pdf, id=1098, 636.43399pt x 397.81969pt>
File: figures/table_untargeted_byzantines_Fashion-MNIST.pdf Graphic file (type pdf)
<use figures/table_untargeted_byzantines_Fashion-MNIST.pdf>
Package pdftex.def Info: figures/table_untargeted_byzantines_Fashion-MNIST.pdf  used on input line 568.
(pdftex.def)             Requested size: 167.69843pt x 104.82076pt.
<figures/table_untargeted_byzantines_Cifar-10.pdf, id=1099, 627.22772pt x 397.81969pt>
File: figures/table_untargeted_byzantines_Cifar-10.pdf Graphic file (type pdf)
<use figures/table_untargeted_byzantines_Cifar-10.pdf>
Package pdftex.def Info: figures/table_untargeted_byzantines_Cifar-10.pdf  used on input line 569.
(pdftex.def)             Requested size: 167.69843pt x 106.3626pt.
 [11 <./figures/table_untargeted_imbalances_MNIST.pdf> <./figures/table_untargeted_imbalances_Fashion-MNIST.pdf

pdfTeX warning: pdflatex.exe (file ./figures/table_untargeted_imbalances_Fashion-MNIST.pdf): PDF inclusion: multiple pdfs with page group included in a single page
> <./figures/table_untargeted_imbalances_Cifar-10.pdf

pdfTeX warning: pdflatex.exe (file ./figures/table_untargeted_imbalances_Cifar-10.pdf): PDF inclusion: multiple pdfs with page group included in a single page
> <./figures/table_untargeted_byzantines_MNIST.pdf

pdfTeX warning: pdflatex.exe (file ./figures/table_untargeted_byzantines_MNIST.pdf): PDF inclusion: multiple pdfs with page group included in a single page
> <./figures/table_untargeted_byzantines_Fashion-MNIST.pdf

pdfTeX warning: pdflatex.exe (file ./figures/table_untargeted_byzantines_Fashion-MNIST.pdf): PDF inclusion: multiple pdfs with page group included in a single page
> <./figures/table_untargeted_byzantines_Cifar-10.pdf

pdfTeX warning: pdflatex.exe (file ./figures/table_untargeted_byzantines_Cifar-10.pdf): PDF inclusion: multiple pdfs with page group included in a single page
>] (./manuscript_TIFS.bbl [12]
Underfull \hbox (badness 2189) in paragraph at lines 174--177
\OT1/ptm/m/n/8 er-ated learn-ing in a het-ero-ge-neous en-vi-ron-ment,'' \OT1/ptm/m/it/8 arXiv preprint
 []

) [13] (./Manuscript_TIFS.aux) ) 
Here is how much of TeX's memory you used:
 5346 strings out of 478994
 91673 string characters out of 5857176
 406813 words of memory out of 5000000
 22707 multiletter control sequences out of 15000+600000
 452235 words of font info for 115 fonts, out of 8000000 for 9000
 1145 hyphenation exceptions out of 8191
 68i,12n,74p,1929b,478s stack positions out of 5000i,500n,10000p,200000b,80000s
{c:/Softwares/texlive/2021/texmf-dist/fonts/enc/dvips/base/8r.enc}<c:/Softwares/texlive/2021/texmf-dist/fonts/type1/public/amsfonts/cm/cmbx10.pfb><c:/Softwares/texlive/2021/texmf-dist/fonts/type1/public/amsfonts/cm/cmbx5.pfb><c:/Softwares/texlive/2021/texmf-dist/fonts/type1/public/amsfonts/cm/cmbx6.pfb><c:/Softwares/texlive/2021/texmf-dist/fonts/type1/public/amsfonts/cm/cmbx7.pfb><c:/Softwares/texlive/2021/texmf-dist/fonts/type1/public/amsfonts/cm/cmbx8.pfb><c:/Softwares/texlive/2021/texmf-dist/fonts/type1/public/amsfonts/cm/cmex10.pfb><c:/Softwares/texlive/2021/texmf-dist/fonts/type1/public/amsfonts/cmextra/cmex7.pfb><c:/Softwares/texlive/2021/texmf-dist/fonts/type1/public/amsfonts/cm/cmmi10.pfb><c:/Softwares/texlive/2021/texmf-dist/fonts/type1/public/amsfonts/cm/cmmi5.pfb><c:/Softwares/texlive/2021/texmf-dist/fonts/type1/public/amsfonts/cm/cmmi6.pfb><c:/Softwares/texlive/2021/texmf-dist/fonts/type1/public/amsfonts/cm/cmmi7.pfb><c:/Softwares/texlive/2021/texmf-dist/fonts/type1/public/amsfonts/cm/cmmi8.pfb><c:/Softwares/texlive/2021/texmf-dist/fonts/type1/public/amsfonts/cm/cmr10.pfb><c:/Softwares/texlive/2021/texmf-dist/fonts/type1/public/amsfonts/cm/cmr5.pfb><c:/Softwares/texlive/2021/texmf-dist/fonts/type1/public/amsfonts/cm/cmr7.pfb><c:/Softwares/texlive/2021/texmf-dist/fonts/type1/public/amsfonts/cm/cmr8.pfb><c:/Softwares/texlive/2021/texmf-dist/fonts/type1/public/amsfonts/cm/cmsy10.pfb><c:/Softwares/texlive/2021/texmf-dist/fonts/type1/public/amsfonts/cm/cmsy7.pfb><c:/Softwares/texlive/2021/texmf-dist/fonts/type1/urw/helvetic/uhvr8a.pfb><c:/Softwares/texlive/2021/texmf-dist/fonts/type1/urw/times/utmb8a.pfb><c:/Softwares/texlive/2021/texmf-dist/fonts/type1/urw/times/utmbi8a.pfb><c:/Softwares/texlive/2021/texmf-dist/fonts/type1/urw/times/utmr8a.pfb><c:/Softwares/texlive/2021/texmf-dist/fonts/type1/urw/times/utmri8a.pfb>
Output written on Manuscript_TIFS.pdf (13 pages, 979179 bytes).
PDF statistics:
 1530 PDF objects out of 1728 (max. 8388607)
 297 compressed objects within 3 object streams
 0 named destinations out of 1000 (max. 500000)
 156 words of extra memory for PDF output out of 10000 (max. 10000000)

